<?xml version="1.0" encoding="UTF-8"?>
<testng-results skipped="0" failed="0" ignored="0" total="1" passed="1">
  <reporter-output>
  </reporter-output>
  <suite name="Default suite" duration-ms="60" started-at="2019-08-10T18:40:05Z" finished-at="2019-08-10T18:40:05Z">
    <groups>
    </groups>
    <test name="Default test" duration-ms="60" started-at="2019-08-10T18:40:05Z" finished-at="2019-08-10T18:40:05Z">
      <class name="JenkinInti.jenkinpro.MySchool">
        <test-method status="PASS" signature="test()[pri:0, instance:JenkinInti.jenkinpro.MySchool@5dfcfece]" name="test" duration-ms="15" started-at="2019-08-10T18:40:05Z" finished-at="2019-08-10T18:40:05Z">
          <reporter-output>
          </reporter-output>
        </test-method> <!-- test -->
      </class> <!-- JenkinInti.jenkinpro.MySchool -->
    </test> <!-- Default test -->
  </suite> <!-- Default suite -->
</testng-results>
